# JRE version: OpenJDK Runtime Environment Temurin-21.0.4+7 (21.0.4+7) (build 21.0.4+7-LTS)
# Java VM: OpenJDK 64-Bit Server VM Temurin-21.0.4+7 (21.0.4+7-LTS, mixed mode, sharing, tiered, compressed oops, compressed class ptrs, g1 gc, windows-amd64)
GC Precious Log:
 CardTable entry size: 512
 Card Set container configuration: InlinePtr #cards 4 size 8 Array Of Cards #cards 16 size 48 Howl #buckets 8 coarsen threshold 3686 Howl Bitmap #cards 512 size 80 coarsen threshold 460 Card regions per heap region 1 cards per card region 4096
 CPUs: 12 total, 12 available
 Memory: 16308M
 Large Page Support: Disabled
 NUMA Support: Disabled
 Compressed Oops: Enabled (Zero based)
 Heap Region Size: 2M
 Heap Min Capacity: 8M
 Heap Initial Capacity: 256M
 Heap Max Capacity: 4078M
 Pre-touch: Disabled
 Parallel Workers: 10
 Concurrent Workers: 3
 Concurrent Refinement Workers: 10
 Periodic GC: Disabled
Heap:
 garbage-first heap   total 851968K, used 409053K [0x0000000701200000, 0x0000000800000000)
  region size 2048K, 1 young (2048K), 1 survivors (2048K)
 Metaspace       used 14723K, committed 15104K, reserved 1114112K
  class space    used 1942K, committed 2112K, reserved 1048576K
GC Heap History (20 events):
Event: 1.066 GC heap after
{Heap after GC invocations=18 (full 0):
 garbage-first heap   total 358400K, used 163137K [0x0000000701200000, 0x0000000800000000)
  region size 2048K, 3 young (6144K), 3 survivors (6144K)
 Metaspace       used 14679K, committed 15040K, reserved 1114112K
  class space    used 1932K, committed 2112K, reserved 1048576K
}
Event: 1.070 GC heap before
{Heap before GC invocations=18 (full 0):
 garbage-first heap   total 358400K, used 167233K [0x0000000701200000, 0x0000000800000000)
  region size 2048K, 4 young (8192K), 3 survivors (6144K)
 Metaspace       used 14679K, committed 15040K, reserved 1114112K
  class space    used 1932K, committed 2112K, reserved 1048576K
}
Event: 1.071 GC heap after
{Heap after GC invocations=19 (full 0):
 garbage-first heap   total 358400K, used 167269K [0x0000000701200000, 0x0000000800000000)
  region size 2048K, 3 young (6144K), 3 survivors (6144K)
 Metaspace       used 14679K, committed 15040K, reserved 1114112K
  class space    used 1932K, committed 2112K, reserved 1048576K
}
Event: 1.075 GC heap before
{Heap before GC invocations=20 (full 0):
 garbage-first heap   total 358400K, used 171365K [0x0000000701200000, 0x0000000800000000)
  region size 2048K, 4 young (8192K), 3 survivors (6144K)
 Metaspace       used 14679K, committed 15040K, reserved 1114112K
  class space    used 1932K, committed 2112K, reserved 1048576K
}
Event: 1.077 GC heap after
{Heap after GC invocations=21 (full 0):
 garbage-first heap   total 358400K, used 171547K [0x0000000701200000, 0x0000000800000000)
  region size 2048K, 3 young (6144K), 3 survivors (6144K)
 Metaspace       used 14679K, committed 15040K, reserved 1114112K
  class space    used 1932K, committed 2112K, reserved 1048576K
}
Event: 1.082 GC heap before
{Heap before GC invocations=22 (full 0):
 garbage-first heap   total 358400K, used 175643K [0x0000000701200000, 0x0000000800000000)
  region size 2048K, 4 young (8192K), 3 survivors (6144K)
 Metaspace       used 14679K, committed 15040K, reserved 1114112K
  class space    used 1932K, committed 2112K, reserved 1048576K
}
Event: 1.084 GC heap after
{Heap after GC invocations=23 (full 0):
 garbage-first heap   total 851968K, used 175467K [0x0000000701200000, 0x0000000800000000)
  region size 2048K, 3 young (6144K), 3 survivors (6144K)
 Metaspace       used 14679K, committed 15040K, reserved 1114112K
  class space    used 1932K, committed 2112K, reserved 1048576K
}
Event: 1.306 GC heap before
{Heap before GC invocations=23 (full 0):
 garbage-first heap   total 851968K, used 417131K [0x0000000701200000, 0x0000000800000000)
  region size 2048K, 21 young (43008K), 3 survivors (6144K)
 Metaspace       used 14723K, committed 15104K, reserved 1114112K
  class space    used 1942K, committed 2112K, reserved 1048576K
}
Event: 1.307 GC heap after
{Heap after GC invocations=24 (full 0):
 garbage-first heap   total 851968K, used 384745K [0x0000000701200000, 0x0000000800000000)
  region size 2048K, 3 young (6144K), 3 survivors (6144K)
 Metaspace       used 14723K, committed 15104K, reserved 1114112K
  class space    used 1942K, committed 2112K, reserved 1048576K
}
Event: 1.311 GC heap before
{Heap before GC invocations=24 (full 0):
 garbage-first heap   total 851968K, used 388841K [0x0000000701200000, 0x0000000800000000)
  region size 2048K, 4 young (8192K), 3 survivors (6144K)
 Metaspace       used 14723K, committed 15104K, reserved 1114112K
  class space    used 1942K, committed 2112K, reserved 1048576K
}
Event: 1.313 GC heap after
{Heap after GC invocations=25 (full 0):
 garbage-first heap   total 851968K, used 388912K [0x0000000701200000, 0x0000000800000000)
  region size 2048K, 3 young (6144K), 3 survivors (6144K)
 Metaspace       used 14723K, committed 15104K, reserved 1114112K
  class space    used 1942K, committed 2112K, reserved 1048576K
}
Event: 1.317 GC heap before
{Heap before GC invocations=26 (full 0):
 garbage-first heap   total 851968K, used 393008K [0x0000000701200000, 0x0000000800000000)
  region size 2048K, 4 young (8192K), 3 survivors (6144K)
 Metaspace       used 14723K, committed 15104K, reserved 1114112K
  class space    used 1942K, committed 2112K, reserved 1048576K
}
Event: 1.319 GC heap after
{Heap after GC invocations=27 (full 0):
 garbage-first heap   total 851968K, used 392599K [0x0000000701200000, 0x0000000800000000)
  region size 2048K, 2 young (4096K), 2 survivors (4096K)
 Metaspace       used 14723K, committed 15104K, reserved 1114112K
  class space    used 1942K, committed 2112K, reserved 1048576K
}
Event: 1.324 GC heap before
{Heap before GC invocations=28 (full 0):
 garbage-first heap   total 851968K, used 396695K [0x0000000701200000, 0x0000000800000000)
  region size 2048K, 3 young (6144K), 2 survivors (4096K)
 Metaspace       used 14723K, committed 15104K, reserved 1114112K
  class space    used 1942K, committed 2112K, reserved 1048576K
}
Event: 1.324 GC heap after
{Heap after GC invocations=29 (full 0):
 garbage-first heap   total 851968K, used 396958K [0x0000000701200000, 0x0000000800000000)
  region size 2048K, 1 young (2048K), 1 survivors (2048K)
 Metaspace       used 14723K, committed 15104K, reserved 1114112K
  class space    used 1942K, committed 2112K, reserved 1048576K
}
Event: 1.329 GC heap before
{Heap before GC invocations=30 (full 0):
 garbage-first heap   total 851968K, used 401054K [0x0000000701200000, 0x0000000800000000)
  region size 2048K, 2 young (4096K), 1 survivors (2048K)
 Metaspace       used 14723K, committed 15104K, reserved 1114112K
  class space    used 1942K, committed 2112K, reserved 1048576K
}
Event: 1.329 GC heap after
{Heap after GC invocations=31 (full 0):
 garbage-first heap   total 851968K, used 400889K [0x0000000701200000, 0x0000000800000000)
  region size 2048K, 1 young (2048K), 1 survivors (2048K)
 Metaspace       used 14723K, committed 15104K, reserved 1114112K
  class space    used 1942K, committed 2112K, reserved 1048576K
}
Event: 1.334 GC heap before
{Heap before GC invocations=32 (full 0):
 garbage-first heap   total 851968K, used 404985K [0x0000000701200000, 0x0000000800000000)
  region size 2048K, 2 young (4096K), 1 survivors (2048K)
 Metaspace       used 14723K, committed 15104K, reserved 1114112K
  class space    used 1942K, committed 2112K, reserved 1048576K
}
Event: 1.334 GC heap after
{Heap after GC invocations=33 (full 0):
 garbage-first heap   total 851968K, used 404950K [0x0000000701200000, 0x0000000800000000)
  region size 2048K, 1 young (2048K), 1 survivors (2048K)
 Metaspace       used 14723K, committed 15104K, reserved 1114112K
  class space    used 1942K, committed 2112K, reserved 1048576K
}
Event: 1.339 GC heap before
{Heap before GC invocations=34 (full 0):
 garbage-first heap   total 851968K, used 409046K [0x0000000701200000, 0x0000000800000000)
  region size 2048K, 2 young (4096K), 1 survivors (2048K)
 Metaspace       used 14723K, committed 15104K, reserved 1114112K
  class space    used 1942K, committed 2112K, reserved 1048576K
}

